============================= test session starts =============================
platform win32 -- Python 3.13.7, pytest-8.4.2, pluggy-1.6.0
rootdir: Z:\2-Lixinjie\temp_note\test\Three_Cannons
plugins: anyio-4.12.0
collected 37 items

tests\test_ai_engine_unit.py F...                                        [ 10%]
tests\test_ai_integration.py .                                           [ 13%]
tests\test_full_game.py .                                                [ 16%]
tests\test_game_io_unit.py ..F...                                        [ 32%]
tests\test_game_logic.py .............                                   [ 67%]
tests\test_game_model.py ......                                          [ 83%]
tests\test_load_game.py .                                                [ 86%]
tests\test_mode_switching.py .F.                                         [ 94%]
tests\test_orchestrator_replay.py .                                      [ 97%]
tests\test_simple_game.py .                                              [100%]

================================== FAILURES ===================================
________________ TestAIEngine.test_progress_callback_is_called ________________

self = <test_ai_engine_unit.TestAIEngine testMethod=test_progress_callback_is_called>
mock_find_best_move = <MagicMock name='find_best_move_iterative_deepening' id='1580672602464'>

    @patch('src.ai.engine.find_best_move_iterative_deepening')
    def test_progress_callback_is_called(self, mock_find_best_move):
        """���Խ��Ȼص��Ƿ񱻵���"""
        # Arrange
        # ģ��AI�ڼ���ʱ���ý��Ȼص�
        def ai_with_progress(*args, **kwargs):
            progress_callback = kwargs.get('progress_callback')
            if progress_callback:
                progress_callback(1, 0.0, ((1,1), (2,2)), [])
                progress_callback(2, 0.0, ((1,1), (2,2)), [])
            return ((1,1), (2,2))
    
        mock_find_best_move.side_effect = ai_with_progress
        progress_callback = MagicMock()
    
        # Act
        self.ai_engine.start_calculation(GameState(), {}, MagicMock(), progress_callback)
        self.worker_done_event.wait(timeout=1)
    
        # Assert
        self.assertGreater(progress_callback.call_count, 0)
>       progress_callback.assert_any_call(1, 0.0, ((1,1), (2,2)), [])

tests\test_ai_engine_unit.py:102: 
_ _ _ _ _ _ _ _ _ _ _ _ _ _ _ _ _ _ _ _ _ _ _ _ _ _ _ _ _ _ _ _ _ _ _ _ _ _ _ _

self = <MagicMock id='1580672603136'>, args = (1, 0.0, ((1, 1), (2, 2)), [])
kwargs = {}, expected = call(1, 0.0, ((1, 1), (2, 2)), []), cause = None
actual = [call(1, 0.0, ((1, 1), (2, 2)), [], None), call(2, 0.0, ((1, 1), (2, 2)), [], None)]
expected_string = 'mock(1, 0.0, ((1, 1), (2, 2)), [])'

    def assert_any_call(self, /, *args, **kwargs):
        """assert the mock has been called with the specified arguments.
    
        The assert passes if the mock has *ever* been called, unlike
        `assert_called_with` and `assert_called_once_with` that only pass if
        the call is the most recent one."""
        expected = self._call_matcher(_Call((args, kwargs), two=True))
        cause = expected if isinstance(expected, Exception) else None
        actual = [self._call_matcher(c) for c in self.call_args_list]
        if cause or expected not in _AnyComparer(actual):
            expected_string = self._format_mock_call_signature(args, kwargs)
>           raise AssertionError(
                '%s call not found' % expected_string
            ) from cause
E           AssertionError: mock(1, 0.0, ((1, 1), (2, 2)), []) call not found

C:\Python313\Lib\unittest\mock.py:1050: AssertionError
______________________ TestGameIO.test_load_game_success ______________________

self = <test_game_io_unit.TestGameIO testMethod=test_load_game_success>
mock_file = <MagicMock name='open' id='1580672608512'>
mock_filedialog = <MagicMock name='askopenfilename' id='1580672613552'>

    @patch('tkinter.filedialog.askopenfilename')
    @patch('builtins.open', new_callable=mock_open, read_data='{"metadata": {"save_time": "2025-01-01 12:00:00"}, "initial_board": [[0, 0, 0, 0, 0], [0, 0, 0, 0, 0], [0, 0, 0, 0, 0], [0, 0, 0, 0, 0], [0, 0, 2, 0, 0]], "current_player": 1, "moves": [[[0, 0], [1, 1]]]}')
    def test_load_game_success(self, mock_file, mock_filedialog):
        """���Գɹ�������Ϸ"""
        # ģ��filedialog.askopenfilename����һ������·��
        mock_filedialog.return_value = "C:/temp/test.json"
    
        # ����load_game
>       result = load_game()
                 ^^^^^^^^^^^

tests\test_game_io_unit.py:108: 
_ _ _ _ _ _ _ _ _ _ _ _ _ _ _ _ _ _ _ _ _ _ _ _ _ _ _ _ _ _ _ _ _ _ _ _ _ _ _ _

    def load_game() -> Optional[Tuple[GameState, List[Tuple[Tuple[int, int], Tuple[int, int]]]]]:
        """
        ����һ��"���ļ�"�Ի��򣬼���JSON�����ļ������������Ϊ��ʼ״̬���߷��б���
    
        ����:
        - Optional[Tuple[GameState, List[...]]]: ������غͽ����ɹ�������һ��Ԫ�� `(initial_state, moves)`������û�ȡ���������󣬷��� `None`��
    
        ����:
        1. ���� `filedialog.askopenfilename` ����"���ļ�"�Ի��򣬻�ȡ `filepath`��
        2. ����û�ȡ�� (`filepath` Ϊ��)���򷵻� `None`��
        3. ʹ�� `try...except` ������ȡ�ͽ����ļ���
           a. `with open(filepath, 'r', encoding='utf-8') as f:`
           b. `data = json.load(f)`
        4. ��֤ `data` �ֵ��Ƿ��������ļ�: `'initial_board'`, `'current_player'`, `'moves'`��
           - ������κ�һ����ȱʧ�����׳� `ValueError("�����ļ���ʽ����ȷ")`��
        5. �� `data` ����ȡ `initial_board`, `current_player`, `moves`��
        6. ����һ���µ� `GameState` ʵ�� `initial_state`��ʹ�� `initial_board` �� `current_player`���г�ʼ����
        7. ����Ԫ�� `(initial_state, moves)`��
        8. �� `except` ���в��� `FileNotFoundError`, `json.JSONDecodeError`, `ValueError` ���쳣���ڷ����κδ���ʱ����Ӧ����ѡ�ش�ӡ������־�󣩷��� `None`��
        """
        # �������ļ��Ի���
        filepath = filedialog.askopenfilename(
            filetypes=(("JSON files", "*.json"), ("All files", "*.*"))
        )
    
        # ����û�ȡ���Ի���
        if not filepath:
            return None
    
        try:
            # ��ȡ������JSON�ļ�
            with open(filepath, 'r', encoding='utf-8') as f:
                data = json.load(f)
    
            # ��֤����ļ�
            required_keys = ['initial_board', 'current_player', 'moves']
            for key in required_keys:
                if key not in data:
                    raise ValueError("�����ļ���ʽ����ȷ")
    
            # ��ȡ����
            initial_board = data['initial_board']
            current_player = data['current_player']
            moves = data['moves']
    
            # ������ʼ״̬
            initial_state = GameState()
>           initial_state.board = initial_board
            ^^^^^^^^^^^^^^^^^^^
E           AttributeError: attribute 'board' of 'core.game_logic.GameState' objects is not writable

src\io\game_io.py:186: AttributeError
___________ TestModeSwitching.test_switch_from_replay_to_live_mode ____________

self = <test_mode_switching.TestModeSwitching testMethod=test_switch_from_replay_to_live_mode>

    def test_switch_from_replay_to_live_mode(self):
        """���ԴӸ���ģʽ�л�����սģʽ"""
        print("���� ���� -> ��ս �л�...")
    
        # Arrange: ����һ����2����ʷ�ĶԾ�
        self.orchestrator.model.make_move((4, 1), (3, 1)) # C. �ֵ���
        self.orchestrator.model.make_move((2, 2), (3, 2)) # S. �ֵ���
    
        # ���븴��ģʽ���ص���1��֮���״̬ (�ֵ�����)
        self.orchestrator.on_prev_move()
        self.assertTrue(self.orchestrator.model.is_replay_mode)
    
        # Act: ģ������ڸ���ʱ����һ���Ϸ��ı���
        # �� S1 ״̬�£���(2,1) �����ƶ����ո� (1,1)
        self.orchestrator.on_canvas_click(2, 0) # ѡ�� (2,0)
        self.orchestrator.on_canvas_click(3, 0) # >>> ���������ӵ��Ϸ��Ŀո� (3,0) <<<
    
        # Assert: ��֤����������л�����սģʽ
>       self.assertFalse(self.orchestrator.model.is_replay_mode)
E       AssertionError: True is not false

tests\test_mode_switching.py:76: AssertionError
---------------------------- Captured stdout call -----------------------------
���� ���� -> ��ս �л�...
=========================== short test summary info ===========================
FAILED tests/test_ai_engine_unit.py::TestAIEngine::test_progress_callback_is_called
FAILED tests/test_game_io_unit.py::TestGameIO::test_load_game_success - Attri...
FAILED tests/test_mode_switching.py::TestModeSwitching::test_switch_from_replay_to_live_mode
======================== 3 failed, 34 passed in 0.37s =========================

