============================= test session starts =============================
platform win32 -- Python 3.13.7, pytest-8.4.2, pluggy-1.6.0
rootdir: Z:\2-Lixinjie\temp_note\test\Three_Cannons
plugins: anyio-4.12.0
collected 37 items

tests\test_ai_engine_unit.py FFF.                                        [ 10%]
tests\test_ai_integration.py F                                           [ 13%]
tests\test_full_game.py .                                                [ 16%]
tests\test_game_io_unit.py FFFFFF                                        [ 32%]
tests\test_game_logic.py .............                                   [ 67%]
tests\test_game_model.py ......                                          [ 83%]
tests\test_load_game.py .                                                [ 86%]
tests\test_mode_switching.py .F.                                         [ 94%]
tests\test_orchestrator_replay.py .                                      [ 97%]
tests\test_simple_game.py .                                              [100%]

================================== FAILURES ===================================
________________ TestAIEngine.test_progress_callback_is_called ________________

self = <test_ai_engine_unit.TestAIEngine testMethod=test_progress_callback_is_called>
mock_find_best_move = <MagicMock name='find_best_move_iterative_deepening' id='2103538602336'>

    @patch('src.ai.engine.find_best_move_iterative_deepening')
    def test_progress_callback_is_called(self, mock_find_best_move):
        """���Խ��Ȼص��Ƿ񱻵���"""
        # Arrange
        # ģ��AI�ڼ���ʱ���ý��Ȼص�
        def ai_with_progress(*args, **kwargs):
            progress_callback = kwargs.get('progress_callback')
            if progress_callback:
                progress_callback("Depth 1...")
                progress_callback("Depth 2...")
            return ((1,1), (2,2))
    
        mock_find_best_move.side_effect = ai_with_progress
        progress_callback = MagicMock()
    
        # Act
        self.ai_engine.start_calculation(GameState(), {}, MagicMock(), progress_callback)
        self.worker_done_event.wait(timeout=1)
    
        # Assert
>       self.assertGreater(progress_callback.call_count, 0)
E       AssertionError: 0 not greater than 0

tests\test_ai_engine_unit.py:101: AssertionError
---------------------------- Captured stdout call -----------------------------
AI Worker Exception: AIEngine._worker.<locals>.combined_progress_callback() missing 3 required positional arguments: 'score', 'move', and 'line'
---------------------------- Captured stderr call -----------------------------
Traceback (most recent call last):
  File "Z:\2-Lixinjie\temp_note\test\Three_Cannons\src\ai\engine.py", line 126, in _worker
    final_best_move = find_best_move_iterative_deepening(
        state,
    ...<2 lines>...
        progress_callback=combined_progress_callback
    )
  File "C:\Python313\Lib\unittest\mock.py", line 1169, in __call__
    return self._mock_call(*args, **kwargs)
           ~~~~~~~~~~~~~~~^^^^^^^^^^^^^^^^^
  File "C:\Python313\Lib\unittest\mock.py", line 1173, in _mock_call
    return self._execute_mock_call(*args, **kwargs)
           ~~~~~~~~~~~~~~~~~~~~~~~^^^^^^^^^^^^^^^^^
  File "C:\Python313\Lib\unittest\mock.py", line 1234, in _execute_mock_call
    result = effect(*args, **kwargs)
  File "Z:\2-Lixinjie\temp_note\test\Three_Cannons\tests\test_ai_engine_unit.py", line 89, in ai_with_progress
    progress_callback("Depth 1...")
    ~~~~~~~~~~~~~~~~~^^^^^^^^^^^^^^
TypeError: AIEngine._worker.<locals>.combined_progress_callback() missing 3 required positional arguments: 'score', 'move', and 'line'
_______________ TestAIEngine.test_start_calculation_normal_flow _______________

self = <test_ai_engine_unit.TestAIEngine testMethod=test_start_calculation_normal_flow>
mock_clear_tt = <MagicMock name='clear_transposition_table' id='2103538604688'>
mock_find_best_move = <MagicMock name='find_best_move_iterative_deepening' id='2103538606032'>

    @patch('src.ai.engine.find_best_move_iterative_deepening')
    @patch('src.ai.engine.clear_transposition_table')
    def test_start_calculation_normal_flow(self, mock_clear_tt, mock_find_best_move):
        """����start_calculation��������"""
        # Arrange
        expected_move = ((1, 1), (2, 2))
        mock_find_best_move.return_value = expected_move
        on_complete_callback = MagicMock()
    
        # Act
        self.ai_engine.start_calculation(GameState(), {}, on_complete_callback, MagicMock())
    
        # Assert
        # �ȴ�worker�߳���ɣ�������äĿsleep
        self.assertTrue(self.worker_done_event.wait(timeout=1), "Worker thread did not finish in time.")
    
        mock_clear_tt.assert_called_once()
        mock_find_best_move.assert_called_once()
>       on_complete_callback.assert_called_once_with(expected_move)

tests\test_ai_engine_unit.py:49: 
_ _ _ _ _ _ _ _ _ _ _ _ _ _ _ _ _ _ _ _ _ _ _ _ _ _ _ _ _ _ _ _ _ _ _ _ _ _ _ _
C:\Python313\Lib\unittest\mock.py:991: in assert_called_once_with
    return self.assert_called_with(*args, **kwargs)
           ^^^^^^^^^^^^^^^^^^^^^^^^^^^^^^^^^^^^^^^^
_ _ _ _ _ _ _ _ _ _ _ _ _ _ _ _ _ _ _ _ _ _ _ _ _ _ _ _ _ _ _ _ _ _ _ _ _ _ _ _

self = <MagicMock id='2103538606368'>, args = (((1, 1), (2, 2)),), kwargs = {}
expected = call(((1, 1), (2, 2)))
actual = call(((1, 1), (2, 2)), {'depth': 0, 'score': 0.0, 'time': 1.6689300537109375e-05})
_error_message = <function NonCallableMock.assert_called_with.<locals>._error_message at 0x000001E9C4AEED40>
cause = None

    def assert_called_with(self, /, *args, **kwargs):
        """assert that the last call was made with the specified arguments.
    
        Raises an AssertionError if the args and keyword args passed in are
        different to the last call to the mock."""
        if self.call_args is None:
            expected = self._format_mock_call_signature(args, kwargs)
            actual = 'not called.'
            error_message = ('expected call not found.\nExpected: %s\n  Actual: %s'
                    % (expected, actual))
            raise AssertionError(error_message)
    
        def _error_message():
            msg = self._format_mock_failure_message(args, kwargs)
            return msg
        expected = self._call_matcher(_Call((args, kwargs), two=True))
        actual = self._call_matcher(self.call_args)
        if actual != expected:
            cause = expected if isinstance(expected, Exception) else None
>           raise AssertionError(_error_message()) from cause
E           AssertionError: expected call not found.
E           Expected: mock(((1, 1), (2, 2)))
E             Actual: mock(((1, 1), (2, 2)), {'depth': 0, 'score': 0.0, 'time': 1.6689300537109375e-05})

C:\Python313\Lib\unittest\mock.py:979: AssertionError
___________________ TestAIEngine.test_state_is_deep_copied ____________________

self = <test_ai_engine_unit.TestAIEngine testMethod=test_state_is_deep_copied>
mock_find_best_move = <MagicMock name='find_best_move_iterative_deepening' id='2103538607712'>

    @patch('src.ai.engine.find_best_move_iterative_deepening')
    def test_state_is_deep_copied(self, mock_find_best_move):
        """������Ϸ״̬�Ƿ����"""
        print("������Ϸ״̬�Ƿ����...")
    
        # Arrange
        game_state = GameState()
    
        # Act
        self.ai_engine.start_calculation(game_state, {}, MagicMock(), MagicMock())
    
        # �����߳��У������޸�ԭʼ��game_state
>       game_state.board[0][0] = 99 # ��һ�������ڵ�����ID������޸�
        ^^^^^^^^^^^^^^^^^^^^^^
E       TypeError: 'tuple' object does not support item assignment

tests\test_ai_engine_unit.py:117: TypeError
---------------------------- Captured stdout call -----------------------------
������Ϸ״̬�Ƿ����...
________ TestAiFullIntegration.test_ai_run_at_depth_one_does_not_crash ________

self = <test_ai_integration.TestAiFullIntegration testMethod=test_ai_run_at_depth_one_does_not_crash>

    def test_ai_run_at_depth_one_does_not_crash(self):
        """
        ���ԣ���AI�����1����ʱ������������evaluate_board�������򲻻������ʹ����������
        """
        print("ִ��AI��·���ɲ��� (depth=1)...")
    
        # Arrange
        ai_engine = AIEngine()
        calculation_finished = threading.Event()
        error_in_thread = None
    
        # ׼��һ���ܲ����쳣�Ļص�
        def on_complete_callback(best_move):
            nonlocal error_in_thread
            # ����һ���򻯵ļ�飬��ʵ�����д�������worker�ڲ�
            # �����worker��ȫ����������ص����ܲ��ᱻ����
            calculation_finished.set()
    
        game_state = GameState()
        config = {
            "depth": 1,
            "time_limit": 5.0
        }
    
        # Act
        ai_engine.start_calculation(
            game_state,
            config,
            on_complete_callback,
            lambda *args: None # �յĽ��Ȼص�
        )
    
        # Assert
        finished_in_time = calculation_finished.wait(timeout=5)
>       self.assertTrue(finished_in_time, "AI calculation timed out or thread crashed without calling on_complete.")
E       AssertionError: False is not true : AI calculation timed out or thread crashed without calling on_complete.

tests\test_ai_integration.py:54: AssertionError
---------------------------- Captured stdout call -----------------------------
ִ��AI��·���ɲ��� (depth=1)...
AI Worker Exception: TestAiFullIntegration.test_ai_run_at_depth_one_does_not_crash.<locals>.on_complete_callback() takes 1 positional argument but 2 were given
---------------------------- Captured stderr call -----------------------------
Traceback (most recent call last):
  File "Z:\2-Lixinjie\temp_note\test\Three_Cannons\src\ai\engine.py", line 140, in _worker
    on_complete(final_best_move, current_stats)
    ~~~~~~~~~~~^^^^^^^^^^^^^^^^^^^^^^^^^^^^^^^^
TypeError: TestAiFullIntegration.test_ai_run_at_depth_one_does_not_crash.<locals>.on_complete_callback() takes 1 positional argument but 2 were given
__________________ TestGameIO.test_load_game_invalid_format ___________________

self = <test_game_io_unit.TestGameIO testMethod=test_load_game_invalid_format>

    def setUp(self):
        """����ǰ��׼������"""
        # ����һ���򵥵���Ϸ״̬���ڲ���
        self.test_state = GameState()
    
        # ����һ��GameModelʵ�����ڲ���
        self.test_model = GameModel()
        # ����һЩ����״̬����ʷ��¼�У�ȷ�����ƶ����Ա���
        state1 = GameState()
        state2 = GameState()
        # �޸�state2��������ģ���ƶ�
>       state2.board = [row[:] for row in state1.board]
        ^^^^^^^^^^^^
E       AttributeError: attribute 'board' of 'core.game_logic.GameState' objects is not writable

tests\test_game_io_unit.py:28: AttributeError
___________________ TestGameIO.test_load_game_missing_keys ____________________

self = <test_game_io_unit.TestGameIO testMethod=test_load_game_missing_keys>

    def setUp(self):
        """����ǰ��׼������"""
        # ����һ���򵥵���Ϸ״̬���ڲ���
        self.test_state = GameState()
    
        # ����һ��GameModelʵ�����ڲ���
        self.test_model = GameModel()
        # ����һЩ����״̬����ʷ��¼�У�ȷ�����ƶ����Ա���
        state1 = GameState()
        state2 = GameState()
        # �޸�state2��������ģ���ƶ�
>       state2.board = [row[:] for row in state1.board]
        ^^^^^^^^^^^^
E       AttributeError: attribute 'board' of 'core.game_logic.GameState' objects is not writable

tests\test_game_io_unit.py:28: AttributeError
______________________ TestGameIO.test_load_game_success ______________________

self = <test_game_io_unit.TestGameIO testMethod=test_load_game_success>

    def setUp(self):
        """����ǰ��׼������"""
        # ����һ���򵥵���Ϸ״̬���ڲ���
        self.test_state = GameState()
    
        # ����һ��GameModelʵ�����ڲ���
        self.test_model = GameModel()
        # ����һЩ����״̬����ʷ��¼�У�ȷ�����ƶ����Ա���
        state1 = GameState()
        state2 = GameState()
        # �޸�state2��������ģ���ƶ�
>       state2.board = [row[:] for row in state1.board]
        ^^^^^^^^^^^^
E       AttributeError: attribute 'board' of 'core.game_logic.GameState' objects is not writable

tests\test_game_io_unit.py:28: AttributeError
_____________________ TestGameIO.test_save_game_no_moves ______________________

self = <test_game_io_unit.TestGameIO testMethod=test_save_game_no_moves>

    def setUp(self):
        """����ǰ��׼������"""
        # ����һ���򵥵���Ϸ״̬���ڲ���
        self.test_state = GameState()
    
        # ����һ��GameModelʵ�����ڲ���
        self.test_model = GameModel()
        # ����һЩ����״̬����ʷ��¼�У�ȷ�����ƶ����Ա���
        state1 = GameState()
        state2 = GameState()
        # �޸�state2��������ģ���ƶ�
>       state2.board = [row[:] for row in state1.board]
        ^^^^^^^^^^^^
E       AttributeError: attribute 'board' of 'core.game_logic.GameState' objects is not writable

tests\test_game_io_unit.py:28: AttributeError
______________________ TestGameIO.test_save_game_success ______________________

self = <test_game_io_unit.TestGameIO testMethod=test_save_game_success>

    def setUp(self):
        """����ǰ��׼������"""
        # ����һ���򵥵���Ϸ״̬���ڲ���
        self.test_state = GameState()
    
        # ����һ��GameModelʵ�����ڲ���
        self.test_model = GameModel()
        # ����һЩ����״̬����ʷ��¼�У�ȷ�����ƶ����Ա���
        state1 = GameState()
        state2 = GameState()
        # �޸�state2��������ģ���ƶ�
>       state2.board = [row[:] for row in state1.board]
        ^^^^^^^^^^^^
E       AttributeError: attribute 'board' of 'core.game_logic.GameState' objects is not writable

tests\test_game_io_unit.py:28: AttributeError
____________________ TestGameIO.test_save_game_user_cancel ____________________

self = <test_game_io_unit.TestGameIO testMethod=test_save_game_user_cancel>

    def setUp(self):
        """����ǰ��׼������"""
        # ����һ���򵥵���Ϸ״̬���ڲ���
        self.test_state = GameState()
    
        # ����һ��GameModelʵ�����ڲ���
        self.test_model = GameModel()
        # ����һЩ����״̬����ʷ��¼�У�ȷ�����ƶ����Ա���
        state1 = GameState()
        state2 = GameState()
        # �޸�state2��������ģ���ƶ�
>       state2.board = [row[:] for row in state1.board]
        ^^^^^^^^^^^^
E       AttributeError: attribute 'board' of 'core.game_logic.GameState' objects is not writable

tests\test_game_io_unit.py:28: AttributeError
___________ TestModeSwitching.test_switch_from_replay_to_live_mode ____________

self = <test_mode_switching.TestModeSwitching testMethod=test_switch_from_replay_to_live_mode>

    def test_switch_from_replay_to_live_mode(self):
        """���ԴӸ���ģʽ�л�����սģʽ"""
        print("���� ���� -> ��ս �л�...")
    
        # Arrange: ����һ����2����ʷ�ĶԾ�
        self.orchestrator.model.make_move((4, 1), (3, 1)) # C. �ֵ���
        self.orchestrator.model.make_move((2, 2), (3, 2)) # S. �ֵ���
    
        # ���븴��ģʽ���ص���1��֮���״̬ (�ֵ�����)
        self.orchestrator.on_prev_move()
        self.assertTrue(self.orchestrator.model.is_replay_mode)
    
        # Act: ģ������ڸ���ʱ����һ���Ϸ��ı���
        # �� S1 ״̬�£���(2,1) �����ƶ����ո� (1,1)
        self.orchestrator.on_canvas_click(2, 0) # ѡ�� (2,1)
        self.orchestrator.on_canvas_click(1, 0) # >>> ���������ӵ��Ϸ��Ŀո� (1,1) <<<
    
        # Assert: ��֤����������л�����սģʽ
>       self.assertFalse(self.orchestrator.model.is_replay_mode)
E       AssertionError: True is not false

tests\test_mode_switching.py:76: AssertionError
---------------------------- Captured stdout call -----------------------------
���� ���� -> ��ս �л�...
============================== warnings summary ===============================
tests/test_ai_integration.py::TestAiFullIntegration::test_ai_run_at_depth_one_does_not_crash
  C:\Python313\Lib\site-packages\_pytest\threadexception.py:58: PytestUnhandledThreadExceptionWarning: Exception in thread Thread-5 (_worker)
  
  Traceback (most recent call last):
    File "Z:\2-Lixinjie\temp_note\test\Three_Cannons\src\ai\engine.py", line 140, in _worker
      on_complete(final_best_move, current_stats)
      ~~~~~~~~~~~^^^^^^^^^^^^^^^^^^^^^^^^^^^^^^^^
  TypeError: TestAiFullIntegration.test_ai_run_at_depth_one_does_not_crash.<locals>.on_complete_callback() takes 1 positional argument but 2 were given
  
  During handling of the above exception, another exception occurred:
  
  Traceback (most recent call last):
    File "C:\Python313\Lib\threading.py", line 1043, in _bootstrap_inner
      self.run()
      ~~~~~~~~^^
    File "C:\Python313\Lib\threading.py", line 994, in run
      self._target(*self._args, **self._kwargs)
      ~~~~~~~~~~~~^^^^^^^^^^^^^^^^^^^^^^^^^^^^^
    File "Z:\2-Lixinjie\temp_note\test\Three_Cannons\src\ai\engine.py", line 151, in _worker
      on_complete(None, {})
      ~~~~~~~~~~~^^^^^^^^^^
  TypeError: TestAiFullIntegration.test_ai_run_at_depth_one_does_not_crash.<locals>.on_complete_callback() takes 1 positional argument but 2 were given
  
  Enable tracemalloc to get traceback where the object was allocated.
  See https://docs.pytest.org/en/stable/how-to/capture-warnings.html#resource-warnings for more info.
    warnings.warn(pytest.PytestUnhandledThreadExceptionWarning(msg))

-- Docs: https://docs.pytest.org/en/stable/how-to/capture-warnings.html
=========================== short test summary info ===========================
FAILED tests/test_ai_engine_unit.py::TestAIEngine::test_progress_callback_is_called
FAILED tests/test_ai_engine_unit.py::TestAIEngine::test_start_calculation_normal_flow
FAILED tests/test_ai_engine_unit.py::TestAIEngine::test_state_is_deep_copied
FAILED tests/test_ai_integration.py::TestAiFullIntegration::test_ai_run_at_depth_one_does_not_crash
FAILED tests/test_game_io_unit.py::TestGameIO::test_load_game_invalid_format
FAILED tests/test_game_io_unit.py::TestGameIO::test_load_game_missing_keys - ...
FAILED tests/test_game_io_unit.py::TestGameIO::test_load_game_success - Attri...
FAILED tests/test_game_io_unit.py::TestGameIO::test_save_game_no_moves - Attr...
FAILED tests/test_game_io_unit.py::TestGameIO::test_save_game_success - Attri...
FAILED tests/test_game_io_unit.py::TestGameIO::test_save_game_user_cancel - A...
FAILED tests/test_mode_switching.py::TestModeSwitching::test_switch_from_replay_to_live_mode
================== 11 failed, 26 passed, 1 warning in 5.36s ===================

